2026-05-16 08:34:13.036 - RealTimeSTT: realtimestt - INFO - Starting RealTimeSTT
2026-05-16 08:34:13.078 - RealTimeSTT: realtimestt - INFO - Initializing audio recording (creating pyAudio input stream, sample rate: 16000 buffer size: 512
2026-05-16 08:34:13.107 - RealTimeSTT: realtimestt - INFO - Initializing WebRTC voice with Sensitivity 3
2026-05-16 08:34:13.116 - RealTimeSTT: realtimestt - DEBUG - WebRTC VAD voice activity detection engine initialized successfully
2026-05-16 08:34:23.511 - RealTimeSTT: realtimestt - ERROR - Error initializing Silero VAD voice activity detection engine: Unrecognized response s.
Traceback (most recent call last):
  File "C:\Users\Assistente TI\Desktop\Voice-Recognition\.venv\Lib\site-packages\RealtimeSTT\audio_recorder.py", line 1081, in __init__
    self.silero_vad_model, _ = torch.hub.load(
                               ^^^^^^^^^^^^^^^
  File "C:\Users\Assistente TI\Desktop\Voice-Recognition\.venv\Lib\site-packages\torch\hub.py", line 661, in load
    repo_or_dir = _get_cache_or_reload(
                  ^^^^^^^^^^^^^^^^^^^^^
  File "C:\Users\Assistente TI\Desktop\Voice-Recognition\.venv\Lib\site-packages\torch\hub.py", line 291, in _get_cache_or_reload
    _check_repo_is_trusted(
  File "C:\Users\Assistente TI\Desktop\Voice-Recognition\.venv\Lib\site-packages\torch\hub.py", line 386, in _check_repo_is_trusted
    raise ValueError(f"Unrecognized response {response}.")
ValueError: Unrecognized response s.
2026-05-16 08:36:01.555 - RealTimeSTT: realtimestt - INFO - Starting RealTimeSTT
2026-05-16 08:36:01.594 - RealTimeSTT: realtimestt - INFO - Initializing audio recording (creating pyAudio input stream, sample rate: 16000 buffer size: 512
2026-05-16 08:36:01.628 - RealTimeSTT: realtimestt - INFO - Initializing WebRTC voice with Sensitivity 3
2026-05-16 08:36:01.628 - RealTimeSTT: realtimestt - DEBUG - WebRTC VAD voice activity detection engine initialized successfully
2026-05-16 08:36:10.028 - RealTimeSTT: realtimestt - DEBUG - Silero VAD voice activity detection engine initialized successfully
2026-05-16 08:36:10.190 - RealTimeSTT: realtimestt - WARNING - Audio queue size exceeds latency limit. Current size: 169. Discarding old audio chunks.
2026-05-16 08:36:10.190 - RealTimeSTT: realtimestt - DEBUG - Starting realtime worker
2026-05-16 08:36:10.190 - RealTimeSTT: realtimestt - DEBUG - Waiting for main transcription model to start
2026-05-16 08:36:10.190 - RealTimeSTT: realtimestt - DEBUG - Realtime transcription disabled; realtime worker exits
2026-05-16 08:36:10.190 - RealTimeSTT: realtimestt - DEBUG - Main transcription model ready
2026-05-16 08:36:10.190 - RealTimeSTT: realtimestt - DEBUG - RealtimeSTT initialization completed successfully
2026-05-16 08:36:10.190 - RealTimeSTT: realtimestt - INFO - Setting listen time
2026-05-16 08:36:10.190 - RealTimeSTT: realtimestt - INFO - State changed from 'inactive' to 'listening'
2026-05-16 08:36:10.202 - RealTimeSTT: realtimestt - DEBUG - Waiting for recording start
2026-05-16 08:39:01.503 - RealTimeSTT: realtimestt - INFO - KeyboardInterrupt in wait_audio, shutting down
2026-05-16 08:39:01.503 - RealTimeSTT: realtimestt - DEBUG - Finishing recording thread
2026-05-16 08:39:01.522 - RealTimeSTT: realtimestt - DEBUG - Terminating reader process
2026-05-16 08:39:11.526 - RealTimeSTT: realtimestt - INFO - KeyboardInterrupt in text() method
2026-05-16 08:39:33.396 - RealTimeSTT: realtimestt - INFO - Starting RealTimeSTT
2026-05-16 08:39:33.427 - RealTimeSTT: realtimestt - INFO - Initializing audio recording (creating pyAudio input stream, sample rate: 16000 buffer size: 512
2026-05-16 08:39:33.459 - RealTimeSTT: realtimestt - INFO - Initializing WebRTC voice with Sensitivity 3
2026-05-16 08:39:33.459 - RealTimeSTT: realtimestt - DEBUG - WebRTC VAD voice activity detection engine initialized successfully
2026-05-16 08:39:34.439 - RealTimeSTT: realtimestt - DEBUG - Silero VAD voice activity detection engine initialized successfully
2026-05-16 08:39:34.643 - RealTimeSTT: realtimestt - DEBUG - Starting realtime worker
2026-05-16 08:39:34.643 - RealTimeSTT: realtimestt - DEBUG - Waiting for main transcription model to start
2026-05-16 08:39:34.643 - RealTimeSTT: realtimestt - DEBUG - Realtime transcription disabled; realtime worker exits
2026-05-16 08:39:38.528 - RealTimeSTT: realtimestt - DEBUG - Main transcription model ready
2026-05-16 08:39:38.530 - RealTimeSTT: realtimestt - DEBUG - RealtimeSTT initialization completed successfully
2026-05-16 08:39:38.530 - RealTimeSTT: realtimestt - INFO - Setting listen time
2026-05-16 08:39:38.530 - RealTimeSTT: realtimestt - INFO - State changed from 'inactive' to 'listening'
2026-05-16 08:39:38.535 - RealTimeSTT: realtimestt - DEBUG - Waiting for recording start
2026-05-16 08:40:30.912 - RealTimeSTT: realtimestt - INFO - KeyboardInterrupt in wait_audio, shutting down
2026-05-16 08:40:30.912 - RealTimeSTT: realtimestt - DEBUG - Finishing recording thread
2026-05-16 08:40:30.935 - RealTimeSTT: realtimestt - DEBUG - Terminating reader process
2026-05-16 08:40:31.427 - RealTimeSTT: realtimestt - DEBUG - Terminating transcription process
2026-05-16 08:40:31.474 - RealTimeSTT: realtimestt - DEBUG - Finishing realtime thread
2026-05-16 08:40:31.526 - RealTimeSTT: realtimestt - INFO - KeyboardInterrupt in text() method
2026-05-16 08:41:16.785 - RealTimeSTT: realtimestt - INFO - Starting RealTimeSTT
2026-05-16 08:41:16.828 - RealTimeSTT: realtimestt - INFO - Initializing audio recording (creating pyAudio input stream, sample rate: 16000 buffer size: 512
2026-05-16 08:41:16.855 - RealTimeSTT: realtimestt - INFO - Initializing WebRTC voice with Sensitivity 3
2026-05-16 08:41:16.856 - RealTimeSTT: realtimestt - DEBUG - WebRTC VAD voice activity detection engine initialized successfully
2026-05-16 08:41:17.556 - RealTimeSTT: realtimestt - DEBUG - Silero VAD voice activity detection engine initialized successfully
2026-05-16 08:41:17.698 - RealTimeSTT: realtimestt - DEBUG - Starting realtime worker
2026-05-16 08:41:17.698 - RealTimeSTT: realtimestt - DEBUG - Realtime transcription disabled; realtime worker exits
2026-05-16 08:41:17.698 - RealTimeSTT: realtimestt - DEBUG - Waiting for main transcription model to start
2026-05-16 08:41:21.190 - RealTimeSTT: realtimestt - DEBUG - Main transcription model ready
2026-05-16 08:41:21.190 - RealTimeSTT: realtimestt - DEBUG - RealtimeSTT initialization completed successfully
2026-05-16 08:41:21.190 - RealTimeSTT: realtimestt - INFO - Setting listen time
2026-05-16 08:41:21.190 - RealTimeSTT: realtimestt - INFO - State changed from 'inactive' to 'listening'
2026-05-16 08:41:21.194 - RealTimeSTT: realtimestt - DEBUG - Waiting for recording start
2026-05-16 08:44:22.344 - RealTimeSTT: realtimestt - INFO - KeyboardInterrupt in wait_audio, shutting down
2026-05-16 08:44:22.345 - RealTimeSTT: realtimestt - DEBUG - Finishing recording thread
2026-05-16 08:44:22.360 - RealTimeSTT: realtimestt - DEBUG - Terminating reader process
2026-05-16 08:44:22.362 - RealTimeSTT: realtimestt - DEBUG - Receive from stdout pipe
2026-05-16 08:44:22.362 - RealTimeSTT: realtimestt - INFO - None
2026-05-16 08:44:22.872 - RealTimeSTT: realtimestt - DEBUG - Terminating transcription process
2026-05-16 08:44:22.903 - RealTimeSTT: realtimestt - DEBUG - Finishing realtime thread
2026-05-16 08:44:22.950 - RealTimeSTT: realtimestt - INFO - KeyboardInterrupt in text() method
2026-05-16 09:10:59.327 - RealTimeSTT: realtimestt - INFO - Starting RealTimeSTT
2026-05-16 09:10:59.351 - RealTimeSTT: realtimestt - INFO - Initializing audio recording (creating pyAudio input stream, sample rate: 16000 buffer size: 512
2026-05-16 09:10:59.377 - RealTimeSTT: realtimestt - INFO - Initializing WebRTC voice with Sensitivity 3
2026-05-16 09:10:59.377 - RealTimeSTT: realtimestt - DEBUG - WebRTC VAD voice activity detection engine initialized successfully
2026-05-16 09:11:00.889 - RealTimeSTT: realtimestt - DEBUG - Silero VAD voice activity detection engine initialized successfully
2026-05-16 09:11:01.173 - RealTimeSTT: realtimestt - DEBUG - Starting realtime worker
2026-05-16 09:11:01.173 - RealTimeSTT: realtimestt - DEBUG - Waiting for main transcription model to start
2026-05-16 09:11:01.173 - RealTimeSTT: realtimestt - DEBUG - Realtime transcription disabled; realtime worker exits
2026-05-16 09:11:40.116 - RealTimeSTT: realtimestt - INFO - Starting RealTimeSTT
2026-05-16 09:11:40.149 - RealTimeSTT: realtimestt - INFO - Initializing audio recording (creating pyAudio input stream, sample rate: 16000 buffer size: 512
2026-05-16 09:11:40.179 - RealTimeSTT: realtimestt - INFO - Initializing WebRTC voice with Sensitivity 3
2026-05-16 09:11:40.179 - RealTimeSTT: realtimestt - DEBUG - WebRTC VAD voice activity detection engine initialized successfully
2026-05-16 09:11:40.789 - RealTimeSTT: realtimestt - DEBUG - Silero VAD voice activity detection engine initialized successfully
2026-05-16 09:11:40.912 - RealTimeSTT: realtimestt - DEBUG - Starting realtime worker
2026-05-16 09:11:40.912 - RealTimeSTT: realtimestt - DEBUG - Waiting for main transcription model to start
2026-05-16 09:11:40.912 - RealTimeSTT: realtimestt - DEBUG - Realtime transcription disabled; realtime worker exits
2026-05-16 09:12:28.449 - RealTimeSTT: realtimestt - DEBUG - Main transcription model ready
2026-05-16 09:12:28.450 - RealTimeSTT: realtimestt - DEBUG - RealtimeSTT initialization completed successfully
2026-05-16 09:12:28.451 - RealTimeSTT: realtimestt - INFO - Setting listen time
2026-05-16 09:12:28.451 - RealTimeSTT: realtimestt - INFO - State changed from 'inactive' to 'listening'
2026-05-16 09:12:28.451 - RealTimeSTT: realtimestt - DEBUG - Waiting for recording start
2026-05-16 09:14:05.036 - RealTimeSTT: realtimestt - INFO - KeyboardInterrupt in wait_audio, shutting down
2026-05-16 09:14:05.036 - RealTimeSTT: realtimestt - DEBUG - Finishing recording thread
2026-05-16 09:14:05.051 - RealTimeSTT: realtimestt - DEBUG - Terminating reader process
2026-05-16 09:14:05.577 - RealTimeSTT: realtimestt - DEBUG - Terminating transcription process
2026-05-16 09:14:05.960 - RealTimeSTT: realtimestt - DEBUG - Finishing realtime thread
2026-05-16 09:14:06.020 - RealTimeSTT: realtimestt - INFO - KeyboardInterrupt in text() method
2026-05-16 09:14:10.637 - RealTimeSTT: realtimestt - INFO - Starting RealTimeSTT
2026-05-16 09:14:10.670 - RealTimeSTT: realtimestt - INFO - Initializing audio recording (creating pyAudio input stream, sample rate: 16000 buffer size: 512
2026-05-16 09:14:10.713 - RealTimeSTT: realtimestt - INFO - Initializing WebRTC voice with Sensitivity 3
2026-05-16 09:14:10.713 - RealTimeSTT: realtimestt - DEBUG - WebRTC VAD voice activity detection engine initialized successfully
2026-05-16 09:14:11.508 - RealTimeSTT: realtimestt - DEBUG - Silero VAD voice activity detection engine initialized successfully
2026-05-16 09:14:11.619 - RealTimeSTT: realtimestt - DEBUG - Starting realtime worker
2026-05-16 09:14:11.619 - RealTimeSTT: realtimestt - DEBUG - Realtime transcription disabled; realtime worker exits
2026-05-16 09:14:11.619 - RealTimeSTT: realtimestt - DEBUG - Waiting for main transcription model to start
2026-05-16 09:14:15.057 - RealTimeSTT: realtimestt - DEBUG - Main transcription model ready
2026-05-16 09:14:15.057 - RealTimeSTT: realtimestt - DEBUG - RealtimeSTT initialization completed successfully
2026-05-16 09:14:15.057 - RealTimeSTT: realtimestt - INFO - Setting listen time
2026-05-16 09:14:15.057 - RealTimeSTT: realtimestt - INFO - State changed from 'inactive' to 'listening'
2026-05-16 09:14:15.057 - RealTimeSTT: realtimestt - DEBUG - Waiting for recording start
2026-05-16 09:14:37.485 - RealTimeSTT: realtimestt - INFO - KeyboardInterrupt in wait_audio, shutting down
2026-05-16 09:14:37.486 - RealTimeSTT: realtimestt - DEBUG - Finishing recording thread
2026-05-16 09:14:37.503 - RealTimeSTT: realtimestt - DEBUG - Terminating reader process
2026-05-16 09:14:37.998 - RealTimeSTT: realtimestt - DEBUG - Terminating transcription process
2026-05-16 09:14:38.055 - RealTimeSTT: realtimestt - DEBUG - Finishing realtime thread
2026-05-16 09:14:38.109 - RealTimeSTT: realtimestt - INFO - KeyboardInterrupt in text() method
